This file contains any messages produced by compilers while
running configure, to aid debugging if configure makes a mistake.

It was created by nettle configure 3.3, which was
generated by GNU Autoconf 2.68.  Invocation command line was

  $ ./configure 

## --------- ##
## Platform. ##
## --------- ##

hostname = bedel
uname -m = i686
uname -r = 3.2.0-70-generic
uname -s = Linux
uname -v = #105-Ubuntu SMP Wed Sep 24 19:49:46 UTC 2014

/usr/bin/uname -p = unknown
/bin/uname -X     = unknown

/bin/arch              = unknown
/usr/bin/arch -k       = unknown
/usr/convex/getsysinfo = unknown
/usr/bin/hostinfo      = unknown
/bin/machine           = unknown
/usr/bin/oslevel       = unknown
/bin/universe          = unknown

PATH: /usr/local/sbin
PATH: /usr/local/bin
PATH: /usr/sbin
PATH: /usr/bin
PATH: /sbin
PATH: /bin


## ----------- ##
## Core tests. ##
## ----------- ##

configure:2482: checking build system type
configure:2496: result: i686-pc-linux-gnu
configure:2516: checking host system type
configure:2529: result: i686-pc-linux-gnu
configure:2683: checking for -R flag
configure:2705: result: using -Wl,-rpath,
configure:2712: result: Searching for libraries
configure:2719: checking /usr/local/lib/lib
configure:2746: result: not found
configure:2719: checking /usr/local/lib
configure:2737: result: added
configure:2719: checking /sw/local/lib
configure:2746: result: not found
configure:2719: checking /sw/lib
configure:2746: result: not found
configure:2719: checking /usr/gnu/lib
configure:2746: result: not found
configure:2719: checking /opt/gnu/lib
configure:2746: result: not found
configure:2719: checking /sw/gnu/lib
configure:2746: result: not found
configure:2719: checking /usr/freeware/lib
configure:2746: result: not found
configure:2719: checking /usr/pkg/lib
configure:2746: result: not found
configure:2802: checking for gcc
configure:2818: found /usr/bin/gcc
configure:2829: result: gcc
configure:3058: checking for C compiler version
configure:3067: gcc --version >&5
gcc (Ubuntu/Linaro 4.6.3-1ubuntu5) 4.6.3
Copyright (C) 2011 Free Software Foundation, Inc.
This is free software; see the source for copying conditions.  There is NO
warranty; not even for MERCHANTABILITY or FITNESS FOR A PARTICULAR PURPOSE.

configure:3078: $? = 0
configure:3067: gcc -v >&5
Using built-in specs.
COLLECT_GCC=gcc
COLLECT_LTO_WRAPPER=/usr/lib/gcc/i686-linux-gnu/4.6/lto-wrapper
Target: i686-linux-gnu
Configured with: ../src/configure -v --with-pkgversion='Ubuntu/Linaro 4.6.3-1ubuntu5' --with-bugurl=file:///usr/share/doc/gcc-4.6/README.Bugs --enable-languages=c,c++,fortran,objc,obj-c++ --prefix=/usr --program-suffix=-4.6 --enable-shared --enable-linker-build-id --with-system-zlib --libexecdir=/usr/lib --without-included-gettext --enable-threads=posix --with-gxx-include-dir=/usr/include/c++/4.6 --libdir=/usr/lib --enable-nls --with-sysroot=/ --enable-clocale=gnu --enable-libstdcxx-debug --enable-libstdcxx-time=yes --enable-gnu-unique-object --enable-plugin --enable-objc-gc --enable-targets=all --disable-werror --with-arch-32=i686 --with-tune=generic --enable-checking=release --build=i686-linux-gnu --host=i686-linux-gnu --target=i686-linux-gnu
Thread model: posix
gcc version 4.6.3 (Ubuntu/Linaro 4.6.3-1ubuntu5) 
configure:3078: $? = 0
configure:3067: gcc -V >&5
gcc: error: unrecognized option '-V'
gcc: fatal error: no input files
compilation terminated.
configure:3078: $? = 4
configure:3067: gcc -qversion >&5
gcc: error: unrecognized option '-qversion'
gcc: fatal error: no input files
compilation terminated.
configure:3078: $? = 4
configure:3098: checking whether the C compiler works
configure:3120: gcc    conftest.c  >&5
configure:3124: $? = 0
configure:3172: result: yes
configure:3175: checking for C compiler default output file name
configure:3177: result: a.out
configure:3183: checking for suffix of executables
configure:3190: gcc -o conftest    conftest.c  >&5
configure:3194: $? = 0
configure:3216: result: 
configure:3238: checking whether we are cross compiling
configure:3246: gcc -o conftest    conftest.c  >&5
configure:3250: $? = 0
configure:3257: ./conftest
configure:3261: $? = 0
configure:3276: result: no
configure:3281: checking for suffix of object files
configure:3303: gcc -c   conftest.c >&5
configure:3307: $? = 0
configure:3328: result: o
configure:3332: checking whether we are using the GNU C compiler
configure:3351: gcc -c   conftest.c >&5
configure:3351: $? = 0
configure:3360: result: yes
configure:3369: checking whether gcc accepts -g
configure:3389: gcc -c -g  conftest.c >&5
configure:3389: $? = 0
configure:3430: result: yes
configure:3447: checking for gcc option to accept ISO C89
configure:3511: gcc  -c -g -O2  conftest.c >&5
configure:3511: $? = 0
configure:3524: result: none needed
configure:3546: checking for ifunc support
configure:3628: gcc -o conftest -g -O2   conftest.c  >&5
configure:3628: $? = 0
configure:3636: result: yes
configure:3720: checking for g++
configure:3750: result: no
configure:3720: checking for c++
configure:3750: result: no
configure:3720: checking for gpp
configure:3750: result: no
configure:3720: checking for aCC
configure:3750: result: no
configure:3720: checking for CC
configure:3750: result: no
configure:3720: checking for cxx
configure:3750: result: no
configure:3720: checking for cc++
configure:3750: result: no
configure:3720: checking for cl.exe
configure:3750: result: no
configure:3720: checking for FCC
configure:3750: result: no
configure:3720: checking for KCC
configure:3750: result: no
configure:3720: checking for RCC
configure:3750: result: no
configure:3720: checking for xlC_r
configure:3750: result: no
configure:3720: checking for xlC
configure:3750: result: no
configure:3774: checking for C++ compiler version
configure:3783: g++ --version >&5
./configure: line 3785: g++: command not found
configure:3794: $? = 127
configure:3783: g++ -v >&5
./configure: line 3785: g++: command not found
configure:3794: $? = 127
configure:3783: g++ -V >&5
./configure: line 3785: g++: command not found
configure:3794: $? = 127
configure:3783: g++ -qversion >&5
./configure: line 3785: g++: command not found
configure:3794: $? = 127
configure:3798: checking whether we are using the GNU C++ compiler
configure:3817: g++ -c   conftest.cpp >&5
./configure: line 1556: g++: command not found
configure:3817: $? = 127
configure: failed program was:
| /* confdefs.h */
| #define PACKAGE_NAME "nettle"
| #define PACKAGE_TARNAME "nettle"
| #define PACKAGE_VERSION "3.3"
| #define PACKAGE_STRING "nettle 3.3"
| #define PACKAGE_BUGREPORT "nettle-bugs@lists.lysator.liu.se"
| #define PACKAGE_URL ""
| #define HAVE_LINK_IFUNC 1
| /* end confdefs.h.  */
| 
| int
| main ()
| {
| #ifndef __GNUC__
|        choke me
| #endif
| 
|   ;
|   return 0;
| }
configure:3826: result: no
configure:3835: checking whether g++ accepts -g
configure:3855: g++ -c -g  conftest.cpp >&5
./configure: line 1556: g++: command not found
configure:3855: $? = 127
configure: failed program was:
| /* confdefs.h */
| #define PACKAGE_NAME "nettle"
| #define PACKAGE_TARNAME "nettle"
| #define PACKAGE_VERSION "3.3"
| #define PACKAGE_STRING "nettle 3.3"
| #define PACKAGE_BUGREPORT "nettle-bugs@lists.lysator.liu.se"
| #define PACKAGE_URL ""
| #define HAVE_LINK_IFUNC 1
| /* end confdefs.h.  */
| 
| int
| main ()
| {
| 
|   ;
|   return 0;
| }
configure:3870: g++ -c   conftest.cpp >&5
./configure: line 1556: g++: command not found
configure:3870: $? = 127
configure: failed program was:
| /* confdefs.h */
| #define PACKAGE_NAME "nettle"
| #define PACKAGE_TARNAME "nettle"
| #define PACKAGE_VERSION "3.3"
| #define PACKAGE_STRING "nettle 3.3"
| #define PACKAGE_BUGREPORT "nettle-bugs@lists.lysator.liu.se"
| #define PACKAGE_URL ""
| #define HAVE_LINK_IFUNC 1
| /* end confdefs.h.  */
| 
| int
| main ()
| {
| 
|   ;
|   return 0;
| }
configure:3886: g++ -c -g  conftest.cpp >&5
./configure: line 1556: g++: command not found
configure:3886: $? = 127
configure: failed program was:
| /* confdefs.h */
| #define PACKAGE_NAME "nettle"
| #define PACKAGE_TARNAME "nettle"
| #define PACKAGE_VERSION "3.3"
| #define PACKAGE_STRING "nettle 3.3"
| #define PACKAGE_BUGREPORT "nettle-bugs@lists.lysator.liu.se"
| #define PACKAGE_URL ""
| #define HAVE_LINK_IFUNC 1
| /* end confdefs.h.  */
| 
| int
| main ()
| {
| 
|   ;
|   return 0;
| }
configure:3896: result: no
configure:3938: g++ -c   conftest.cpp >&5
./configure: line 1556: g++: command not found
configure:3938: $? = 127
configure: failed program was:
| /* confdefs.h */
| #define PACKAGE_NAME "nettle"
| #define PACKAGE_TARNAME "nettle"
| #define PACKAGE_VERSION "3.3"
| #define PACKAGE_STRING "nettle 3.3"
| #define PACKAGE_BUGREPORT "nettle-bugs@lists.lysator.liu.se"
| #define PACKAGE_URL ""
| #define HAVE_LINK_IFUNC 1
| /* end confdefs.h.  */
| 
| int
| main ()
| {
| return 0;
|   ;
|   return 0;
| }
configure:3959: checking if LD -Wl,--version-script works
configure:3977: gcc -o conftest -g -O2   -Wl,--version-script=conftest.map conftest.c  >&5
/usr/bin/ld:conftest.map:2: syntax error in VERSION script
collect2: ld returned 1 exit status
configure:3977: $? = 1
configure: failed program was:
| /* confdefs.h */
| #define PACKAGE_NAME "nettle"
| #define PACKAGE_TARNAME "nettle"
| #define PACKAGE_VERSION "3.3"
| #define PACKAGE_STRING "nettle 3.3"
| #define PACKAGE_BUGREPORT "nettle-bugs@lists.lysator.liu.se"
| #define PACKAGE_URL ""
| #define HAVE_LINK_IFUNC 1
| /* end confdefs.h.  */
| 
| int
| main ()
| {
| 
|   ;
|   return 0;
| }
configure:4005: gcc -o conftest -g -O2   -Wl,--version-script=conftest.map conftest.c  >&5
configure:4005: $? = 0
configure:4017: result: yes
configure:4028: checking whether make sets $(MAKE)
configure:4050: result: yes
configure:4102: checking for ranlib
configure:4118: found /usr/bin/ranlib
configure:4129: result: ranlib
configure:4194: checking for nm
configure:4210: found /usr/bin/nm
configure:4221: result: nm
configure:4287: checking for objdump
configure:4303: found /usr/bin/objdump
configure:4314: result: objdump
configure:4379: checking for ar
configure:4395: found /usr/bin/ar
configure:4406: result: ar
configure:4447: checking for a BSD-compatible install
configure:4515: result: /usr/bin/install -c
configure:4529: checking for a thread-safe mkdir -p
configure:4568: result: /bin/mkdir -p
configure:4572: checking whether ln -s works
configure:4576: result: yes
configure:4701: checking for build system executable suffix
configure:4736: result: 
configure:4797: checking for an ANSI C-conforming const
configure:4862: gcc -c -g -O2  conftest.c >&5
configure:4862: $? = 0
configure:4869: result: yes
configure:4877: checking for inline
configure:4893: gcc -c -g -O2  conftest.c >&5
configure:4893: $? = 0
configure:4901: result: inline
configure:4924: checking how to run the C preprocessor
configure:4955: gcc -E  conftest.c
configure:4955: $? = 0
configure:4969: gcc -E  conftest.c
conftest.c:10:28: fatal error: ac_nonexistent.h: No such file or directory
compilation terminated.
configure:4969: $? = 1
configure: failed program was:
| /* confdefs.h */
| #define PACKAGE_NAME "nettle"
| #define PACKAGE_TARNAME "nettle"
| #define PACKAGE_VERSION "3.3"
| #define PACKAGE_STRING "nettle 3.3"
| #define PACKAGE_BUGREPORT "nettle-bugs@lists.lysator.liu.se"
| #define PACKAGE_URL ""
| #define HAVE_LINK_IFUNC 1
| /* end confdefs.h.  */
| #include <ac_nonexistent.h>
configure:4994: result: gcc -E
configure:5014: gcc -E  conftest.c
configure:5014: $? = 0
configure:5028: gcc -E  conftest.c
conftest.c:10:28: fatal error: ac_nonexistent.h: No such file or directory
compilation terminated.
configure:5028: $? = 1
configure: failed program was:
| /* confdefs.h */
| #define PACKAGE_NAME "nettle"
| #define PACKAGE_TARNAME "nettle"
| #define PACKAGE_VERSION "3.3"
| #define PACKAGE_STRING "nettle 3.3"
| #define PACKAGE_BUGREPORT "nettle-bugs@lists.lysator.liu.se"
| #define PACKAGE_URL ""
| #define HAVE_LINK_IFUNC 1
| /* end confdefs.h.  */
| #include <ac_nonexistent.h>
configure:5057: checking for grep that handles long lines and -e
configure:5115: result: /bin/grep
configure:5120: checking for egrep
configure:5182: result: /bin/grep -E
configure:5187: checking for uid_t in sys/types.h
configure:5206: result: yes
configure:5217: checking for ANSI C header files
configure:5237: gcc -c -g -O2  conftest.c >&5
configure:5237: $? = 0
configure:5310: gcc -o conftest -g -O2   conftest.c  >&5
configure:5310: $? = 0
configure:5310: ./conftest
configure:5310: $? = 0
configure:5321: result: yes
configure:5334: checking for sys/types.h
configure:5334: gcc -c -g -O2  conftest.c >&5
configure:5334: $? = 0
configure:5334: result: yes
configure:5334: checking for sys/stat.h
configure:5334: gcc -c -g -O2  conftest.c >&5
configure:5334: $? = 0
configure:5334: result: yes
configure:5334: checking for stdlib.h
configure:5334: gcc -c -g -O2  conftest.c >&5
configure:5334: $? = 0
configure:5334: result: yes
configure:5334: checking for string.h
configure:5334: gcc -c -g -O2  conftest.c >&5
configure:5334: $? = 0
configure:5334: result: yes
configure:5334: checking for memory.h
configure:5334: gcc -c -g -O2  conftest.c >&5
configure:5334: $? = 0
configure:5334: result: yes
configure:5334: checking for strings.h
configure:5334: gcc -c -g -O2  conftest.c >&5
configure:5334: $? = 0
configure:5334: result: yes
configure:5334: checking for inttypes.h
configure:5334: gcc -c -g -O2  conftest.c >&5
configure:5334: $? = 0
configure:5334: result: yes
configure:5334: checking for stdint.h
configure:5334: gcc -c -g -O2  conftest.c >&5
configure:5334: $? = 0
configure:5334: result: yes
configure:5334: checking for unistd.h
configure:5334: gcc -c -g -O2  conftest.c >&5
configure:5334: $? = 0
configure:5334: result: yes
configure:5346: checking for size_t
configure:5346: gcc -c -g -O2  conftest.c >&5
configure:5346: $? = 0
configure:5346: gcc -c -g -O2  conftest.c >&5
conftest.c: In function 'main':
conftest.c:56:21: error: expected expression before ')' token
configure:5346: $? = 1
configure: failed program was:
| /* confdefs.h */
| #define PACKAGE_NAME "nettle"
| #define PACKAGE_TARNAME "nettle"
| #define PACKAGE_VERSION "3.3"
| #define PACKAGE_STRING "nettle 3.3"
| #define PACKAGE_BUGREPORT "nettle-bugs@lists.lysator.liu.se"
| #define PACKAGE_URL ""
| #define HAVE_LINK_IFUNC 1
| #define STDC_HEADERS 1
| #define HAVE_SYS_TYPES_H 1
| #define HAVE_SYS_STAT_H 1
| #define HAVE_STDLIB_H 1
| #define HAVE_STRING_H 1
| #define HAVE_MEMORY_H 1
| #define HAVE_STRINGS_H 1
| #define HAVE_INTTYPES_H 1
| #define HAVE_STDINT_H 1
| #define HAVE_UNISTD_H 1
| /* end confdefs.h.  */
| #include <stdio.h>
| #ifdef HAVE_SYS_TYPES_H
| # include <sys/types.h>
| #endif
| #ifdef HAVE_SYS_STAT_H
| # include <sys/stat.h>
| #endif
| #ifdef STDC_HEADERS
| # include <stdlib.h>
| # include <stddef.h>
| #else
| # ifdef HAVE_STDLIB_H
| #  include <stdlib.h>
| # endif
| #endif
| #ifdef HAVE_STRING_H
| # if !defined STDC_HEADERS && defined HAVE_MEMORY_H
| #  include <memory.h>
| # endif
| # include <string.h>
| #endif
| #ifdef HAVE_STRINGS_H
| # include <strings.h>
| #endif
| #ifdef HAVE_INTTYPES_H
| # include <inttypes.h>
| #endif
| #ifdef HAVE_STDINT_H
| # include <stdint.h>
| #endif
| #ifdef HAVE_UNISTD_H
| # include <unistd.h>
| #endif
| int
| main ()
| {
| if (sizeof ((size_t)))
| 	    return 0;
|   ;
|   return 0;
| }
configure:5346: result: yes
configure:5357: checking whether time.h and sys/time.h may both be included
configure:5377: gcc -c -g -O2  conftest.c >&5
configure:5377: $? = 0
configure:5384: result: yes
configure:5396: checking size of long
configure:5401: gcc -o conftest -g -O2   conftest.c  >&5
configure:5401: $? = 0
configure:5401: ./conftest
configure:5401: $? = 0
configure:5415: result: 4
configure:5429: checking size of size_t
configure:5434: gcc -o conftest -g -O2   conftest.c  >&5
configure:5434: $? = 0
configure:5434: ./conftest
configure:5434: $? = 0
configure:5448: result: 4
configure:5462: checking openssl/blowfish.h usability
configure:5462: gcc -c -g -O2  conftest.c >&5
configure:5462: $? = 0
configure:5462: result: yes
configure:5462: checking openssl/blowfish.h presence
configure:5462: gcc -E  conftest.c
configure:5462: $? = 0
configure:5462: result: yes
configure:5462: checking for openssl/blowfish.h
configure:5462: result: yes
configure:5462: checking openssl/des.h usability
configure:5462: gcc -c -g -O2  conftest.c >&5
configure:5462: $? = 0
configure:5462: result: yes
configure:5462: checking openssl/des.h presence
configure:5462: gcc -E  conftest.c
configure:5462: $? = 0
configure:5462: result: yes
configure:5462: checking for openssl/des.h
configure:5462: result: yes
configure:5462: checking openssl/cast.h usability
configure:5462: gcc -c -g -O2  conftest.c >&5
configure:5462: $? = 0
configure:5462: result: yes
configure:5462: checking openssl/cast.h presence
configure:5462: gcc -E  conftest.c
configure:5462: $? = 0
configure:5462: result: yes
configure:5462: checking for openssl/cast.h
configure:5462: result: yes
configure:5462: checking openssl/aes.h usability
configure:5462: gcc -c -g -O2  conftest.c >&5
configure:5462: $? = 0
configure:5462: result: yes
configure:5462: checking openssl/aes.h presence
configure:5462: gcc -E  conftest.c
configure:5462: $? = 0
configure:5462: result: yes
configure:5462: checking for openssl/aes.h
configure:5462: result: yes
configure:5462: checking openssl/ecdsa.h usability
configure:5462: gcc -c -g -O2  conftest.c >&5
configure:5462: $? = 0
configure:5462: result: yes
configure:5462: checking openssl/ecdsa.h presence
configure:5462: gcc -E  conftest.c
configure:5462: $? = 0
configure:5462: result: yes
configure:5462: checking for openssl/ecdsa.h
configure:5462: result: yes
configure:5479: checking valgrind/memcheck.h usability
configure:5479: gcc -c -g -O2  conftest.c >&5
conftest.c:61:31: fatal error: valgrind/memcheck.h: No such file or directory
compilation terminated.
configure:5479: $? = 1
configure: failed program was:
| /* confdefs.h */
| #define PACKAGE_NAME "nettle"
| #define PACKAGE_TARNAME "nettle"
| #define PACKAGE_VERSION "3.3"
| #define PACKAGE_STRING "nettle 3.3"
| #define PACKAGE_BUGREPORT "nettle-bugs@lists.lysator.liu.se"
| #define PACKAGE_URL ""
| #define HAVE_LINK_IFUNC 1
| #define STDC_HEADERS 1
| #define HAVE_SYS_TYPES_H 1
| #define HAVE_SYS_STAT_H 1
| #define HAVE_STDLIB_H 1
| #define HAVE_STRING_H 1
| #define HAVE_MEMORY_H 1
| #define HAVE_STRINGS_H 1
| #define HAVE_INTTYPES_H 1
| #define HAVE_STDINT_H 1
| #define HAVE_UNISTD_H 1
| #define TIME_WITH_SYS_TIME 1
| #define SIZEOF_LONG 4
| #define SIZEOF_SIZE_T 4
| #define HAVE_OPENSSL_BLOWFISH_H 1
| #define HAVE_OPENSSL_DES_H 1
| #define HAVE_OPENSSL_CAST_H 1
| #define HAVE_OPENSSL_AES_H 1
| #define HAVE_OPENSSL_ECDSA_H 1
| /* end confdefs.h.  */
| #include <stdio.h>
| #ifdef HAVE_SYS_TYPES_H
| # include <sys/types.h>
| #endif
| #ifdef HAVE_SYS_STAT_H
| # include <sys/stat.h>
| #endif
| #ifdef STDC_HEADERS
| # include <stdlib.h>
| # include <stddef.h>
| #else
| # ifdef HAVE_STDLIB_H
| #  include <stdlib.h>
| # endif
| #endif
| #ifdef HAVE_STRING_H
| # if !defined STDC_HEADERS && defined HAVE_MEMORY_H
| #  include <memory.h>
| # endif
| # include <string.h>
| #endif
| #ifdef HAVE_STRINGS_H
| # include <strings.h>
| #endif
| #ifdef HAVE_INTTYPES_H
| # include <inttypes.h>
| #endif
| #ifdef HAVE_STDINT_H
| # include <stdint.h>
| #endif
| #ifdef HAVE_UNISTD_H
| # include <unistd.h>
| #endif
| #include <valgrind/memcheck.h>
configure:5479: result: no
configure:5479: checking valgrind/memcheck.h presence
configure:5479: gcc -E  conftest.c
conftest.c:28:31: fatal error: valgrind/memcheck.h: No such file or directory
compilation terminated.
configure:5479: $? = 1
configure: failed program was:
| /* confdefs.h */
| #define PACKAGE_NAME "nettle"
| #define PACKAGE_TARNAME "nettle"
| #define PACKAGE_VERSION "3.3"
| #define PACKAGE_STRING "nettle 3.3"
| #define PACKAGE_BUGREPORT "nettle-bugs@lists.lysator.liu.se"
| #define PACKAGE_URL ""
| #define HAVE_LINK_IFUNC 1
| #define STDC_HEADERS 1
| #define HAVE_SYS_TYPES_H 1
| #define HAVE_SYS_STAT_H 1
| #define HAVE_STDLIB_H 1
| #define HAVE_STRING_H 1
| #define HAVE_MEMORY_H 1
| #define HAVE_STRINGS_H 1
| #define HAVE_INTTYPES_H 1
| #define HAVE_STDINT_H 1
| #define HAVE_UNISTD_H 1
| #define TIME_WITH_SYS_TIME 1
| #define SIZEOF_LONG 4
| #define SIZEOF_SIZE_T 4
| #define HAVE_OPENSSL_BLOWFISH_H 1
| #define HAVE_OPENSSL_DES_H 1
| #define HAVE_OPENSSL_CAST_H 1
| #define HAVE_OPENSSL_AES_H 1
| #define HAVE_OPENSSL_ECDSA_H 1
| /* end confdefs.h.  */
| #include <valgrind/memcheck.h>
configure:5479: result: no
configure:5479: checking for valgrind/memcheck.h
configure:5479: result: no
configure:5491: checking dlfcn.h usability
configure:5491: gcc -c -g -O2  conftest.c >&5
configure:5491: $? = 0
configure:5491: result: yes
configure:5491: checking dlfcn.h presence
configure:5491: gcc -E  conftest.c
configure:5491: $? = 0
configure:5491: result: yes
configure:5491: checking for dlfcn.h
configure:5491: result: yes
configure:5501: checking for dlopen in -ldl
configure:5526: gcc -o conftest -g -O2   conftest.c -ldl   >&5
configure:5526: $? = 0
configure:5535: result: yes
configure:5546: checking for working alloca.h
configure:5563: gcc -o conftest -g -O2   conftest.c  >&5
configure:5563: $? = 0
configure:5571: result: yes
configure:5579: checking for alloca
configure:5616: gcc -o conftest -g -O2   conftest.c  >&5
configure:5616: $? = 0
configure:5624: result: yes
configure:5735: checking malloc.h usability
configure:5735: gcc -c -g -O2  conftest.c >&5
configure:5735: $? = 0
configure:5735: result: yes
configure:5735: checking malloc.h presence
configure:5735: gcc -E  conftest.c
configure:5735: $? = 0
configure:5735: result: yes
configure:5735: checking for malloc.h
configure:5735: result: yes
configure:5748: checking for strerror
configure:5748: gcc -o conftest -g -O2   conftest.c  >&5
configure:5748: $? = 0
configure:5748: result: yes
configure:5763: checking for secure_getenv
configure:5763: gcc -o conftest -g -O2   conftest.c  >&5
/tmp/cc2YkzjR.o: In function `main':
/home/bedel/work/websocket/server/.libs/nettle-3.3/conftest.c:68: undefined reference to `secure_getenv'
collect2: ld returned 1 exit status
configure:5763: $? = 1
configure: failed program was:
| /* confdefs.h */
| #define PACKAGE_NAME "nettle"
| #define PACKAGE_TARNAME "nettle"
| #define PACKAGE_VERSION "3.3"
| #define PACKAGE_STRING "nettle 3.3"
| #define PACKAGE_BUGREPORT "nettle-bugs@lists.lysator.liu.se"
| #define PACKAGE_URL ""
| #define HAVE_LINK_IFUNC 1
| #define STDC_HEADERS 1
| #define HAVE_SYS_TYPES_H 1
| #define HAVE_SYS_STAT_H 1
| #define HAVE_STDLIB_H 1
| #define HAVE_STRING_H 1
| #define HAVE_MEMORY_H 1
| #define HAVE_STRINGS_H 1
| #define HAVE_INTTYPES_H 1
| #define HAVE_STDINT_H 1
| #define HAVE_UNISTD_H 1
| #define TIME_WITH_SYS_TIME 1
| #define SIZEOF_LONG 4
| #define SIZEOF_SIZE_T 4
| #define HAVE_OPENSSL_BLOWFISH_H 1
| #define HAVE_OPENSSL_DES_H 1
| #define HAVE_OPENSSL_CAST_H 1
| #define HAVE_OPENSSL_AES_H 1
| #define HAVE_OPENSSL_ECDSA_H 1
| #define HAVE_DLFCN_H 1
| #define HAVE_LIBDL 1
| #define HAVE_ALLOCA_H 1
| #define HAVE_ALLOCA 1
| #define HAVE_MALLOC_H 1
| #define HAVE_STRERROR 1
| /* end confdefs.h.  */
| /* Define secure_getenv to an innocuous variant, in case <limits.h> declares secure_getenv.
|    For example, HP-UX 11i <limits.h> declares gettimeofday.  */
| #define secure_getenv innocuous_secure_getenv
| 
| /* System header to define __stub macros and hopefully few prototypes,
|     which can conflict with char secure_getenv (); below.
|     Prefer <limits.h> to <assert.h> if __STDC__ is defined, since
|     <limits.h> exists even on freestanding compilers.  */
| 
| #ifdef __STDC__
| # include <limits.h>
| #else
| # include <assert.h>
| #endif
| 
| #undef secure_getenv
| 
| /* Override any GCC internal prototype to avoid an error.
|    Use char because int might match the return type of a GCC
|    builtin and then its argument prototype would still apply.  */
| #ifdef __cplusplus
| extern "C"
| #endif
| char secure_getenv ();
| /* The GNU C library defines this for functions which it implements
|     to always fail with ENOSYS.  Some functions are actually named
|     something starting with __ and the normal name is an alias.  */
| #if defined __stub_secure_getenv || defined __stub___secure_getenv
| choke me
| #endif
| 
| int
| main ()
| {
| return secure_getenv ();
|   ;
|   return 0;
| }
configure:5763: result: no
configure:5763: checking for getline
configure:5763: gcc -o conftest -g -O2   conftest.c  >&5
configure:5763: $? = 0
configure:5763: result: yes
configure:5772: checking whether byte ordering is bigendian
configure:5787: gcc -c -g -O2  conftest.c >&5
conftest.c:36:9: error: unknown type name 'not'
conftest.c:36:15: error: expected '=', ',', ';', 'asm' or '__attribute__' before 'universal'
conftest.c:36:15: error: unknown type name 'universal'
configure:5787: $? = 1
configure: failed program was:
| /* confdefs.h */
| #define PACKAGE_NAME "nettle"
| #define PACKAGE_TARNAME "nettle"
| #define PACKAGE_VERSION "3.3"
| #define PACKAGE_STRING "nettle 3.3"
| #define PACKAGE_BUGREPORT "nettle-bugs@lists.lysator.liu.se"
| #define PACKAGE_URL ""
| #define HAVE_LINK_IFUNC 1
| #define STDC_HEADERS 1
| #define HAVE_SYS_TYPES_H 1
| #define HAVE_SYS_STAT_H 1
| #define HAVE_STDLIB_H 1
| #define HAVE_STRING_H 1
| #define HAVE_MEMORY_H 1
| #define HAVE_STRINGS_H 1
| #define HAVE_INTTYPES_H 1
| #define HAVE_STDINT_H 1
| #define HAVE_UNISTD_H 1
| #define TIME_WITH_SYS_TIME 1
| #define SIZEOF_LONG 4
| #define SIZEOF_SIZE_T 4
| #define HAVE_OPENSSL_BLOWFISH_H 1
| #define HAVE_OPENSSL_DES_H 1
| #define HAVE_OPENSSL_CAST_H 1
| #define HAVE_OPENSSL_AES_H 1
| #define HAVE_OPENSSL_ECDSA_H 1
| #define HAVE_DLFCN_H 1
| #define HAVE_LIBDL 1
| #define HAVE_ALLOCA_H 1
| #define HAVE_ALLOCA 1
| #define HAVE_MALLOC_H 1
| #define HAVE_STRERROR 1
| #define HAVE_GETLINE 1
| /* end confdefs.h.  */
| #ifndef __APPLE_CC__
| 	       not a universal capable compiler
| 	     #endif
| 	     typedef int dummy;
| 
configure:5832: gcc -c -g -O2  conftest.c >&5
configure:5832: $? = 0
configure:5850: gcc -c -g -O2  conftest.c >&5
conftest.c: In function 'main':
conftest.c:42:4: error: unknown type name 'not'
conftest.c:42:12: error: expected '=', ',', ';', 'asm' or '__attribute__' before 'endian'
configure:5850: $? = 1
configure: failed program was:
| /* confdefs.h */
| #define PACKAGE_NAME "nettle"
| #define PACKAGE_TARNAME "nettle"
| #define PACKAGE_VERSION "3.3"
| #define PACKAGE_STRING "nettle 3.3"
| #define PACKAGE_BUGREPORT "nettle-bugs@lists.lysator.liu.se"
| #define PACKAGE_URL ""
| #define HAVE_LINK_IFUNC 1
| #define STDC_HEADERS 1
| #define HAVE_SYS_TYPES_H 1
| #define HAVE_SYS_STAT_H 1
| #define HAVE_STDLIB_H 1
| #define HAVE_STRING_H 1
| #define HAVE_MEMORY_H 1
| #define HAVE_STRINGS_H 1
| #define HAVE_INTTYPES_H 1
| #define HAVE_STDINT_H 1
| #define HAVE_UNISTD_H 1
| #define TIME_WITH_SYS_TIME 1
| #define SIZEOF_LONG 4
| #define SIZEOF_SIZE_T 4
| #define HAVE_OPENSSL_BLOWFISH_H 1
| #define HAVE_OPENSSL_DES_H 1
| #define HAVE_OPENSSL_CAST_H 1
| #define HAVE_OPENSSL_AES_H 1
| #define HAVE_OPENSSL_ECDSA_H 1
| #define HAVE_DLFCN_H 1
| #define HAVE_LIBDL 1
| #define HAVE_ALLOCA_H 1
| #define HAVE_ALLOCA 1
| #define HAVE_MALLOC_H 1
| #define HAVE_STRERROR 1
| #define HAVE_GETLINE 1
| /* end confdefs.h.  */
| #include <sys/types.h>
| 		#include <sys/param.h>
| 
| int
| main ()
| {
| #if BYTE_ORDER != BIG_ENDIAN
| 		 not big endian
| 		#endif
| 
|   ;
|   return 0;
| }
configure:5978: result: no
configure:5997: checking for __attribute__
configure:6023: gcc -c -g -O2  conftest.c >&5
configure:6023: $? = 0
configure:6030: result: yes
configure:6044: checking for stdint types
configure:6067: gcc -c   conftest.c >&5
configure:6067: $? = 0
configure:6092: result: stdint.h (shortcircuit)
configure:6460: result: make use of stdint.h in nettle-stdint.h (assuming C99 compatible system)
configure:6470: checking for fcntl file locking
configure:6497: gcc -c -g -O2  conftest.c >&5
configure:6497: $? = 0
configure:6504: result: yes
configure:6516: checking for __gmpz_powm_sec in -lgmp
configure:6541: gcc -o conftest -g -O2   conftest.c -lgmp   >&5
/usr/bin/ld: cannot find -lgmp
collect2: ld returned 1 exit status
configure:6541: $? = 1
configure: failed program was:
| /* confdefs.h */
| #define PACKAGE_NAME "nettle"
| #define PACKAGE_TARNAME "nettle"
| #define PACKAGE_VERSION "3.3"
| #define PACKAGE_STRING "nettle 3.3"
| #define PACKAGE_BUGREPORT "nettle-bugs@lists.lysator.liu.se"
| #define PACKAGE_URL ""
| #define HAVE_LINK_IFUNC 1
| #define STDC_HEADERS 1
| #define HAVE_SYS_TYPES_H 1
| #define HAVE_SYS_STAT_H 1
| #define HAVE_STDLIB_H 1
| #define HAVE_STRING_H 1
| #define HAVE_MEMORY_H 1
| #define HAVE_STRINGS_H 1
| #define HAVE_INTTYPES_H 1
| #define HAVE_STDINT_H 1
| #define HAVE_UNISTD_H 1
| #define TIME_WITH_SYS_TIME 1
| #define SIZEOF_LONG 4
| #define SIZEOF_SIZE_T 4
| #define HAVE_OPENSSL_BLOWFISH_H 1
| #define HAVE_OPENSSL_DES_H 1
| #define HAVE_OPENSSL_CAST_H 1
| #define HAVE_OPENSSL_AES_H 1
| #define HAVE_OPENSSL_ECDSA_H 1
| #define HAVE_DLFCN_H 1
| #define HAVE_LIBDL 1
| #define HAVE_ALLOCA_H 1
| #define HAVE_ALLOCA 1
| #define HAVE_MALLOC_H 1
| #define HAVE_STRERROR 1
| #define HAVE_GETLINE 1
| #define HAVE_GCC_ATTRIBUTE 1
| #define HAVE_FCNTL_LOCKING 1
| /* end confdefs.h.  */
| 
| /* Override any GCC internal prototype to avoid an error.
|    Use char because int might match the return type of a GCC
|    builtin and then its argument prototype would still apply.  */
| #ifdef __cplusplus
| extern "C"
| #endif
| char __gmpz_powm_sec ();
| int
| main ()
| {
| return __gmpz_powm_sec ();
|   ;
|   return 0;
| }
configure:6550: result: no
configure:6561: WARNING: GNU MP not found, or too old. GMP-5.0 or later is needed, see http://gmplib.org/.
    Support for public key algorithms will be unavailable.
configure:6578: gcc -o conftest -g -O2   conftest.c  >&5
configure:6578: $? = 0
configure:6578: ./conftest
configure:6578: $? = 0
configure:6948: Looking for assembler files in x86.
configure:7039: checking CCPIC
configure:7083: gcc -c -g -O2 -fpic  conftest.c >&5
conftest.c: In function 'main':
conftest.c:41:1: warning: incompatible implicit declaration of built-in function 'exit' [enabled by default]
configure:7083: $? = 0
configure:7094: result: -fpic
configure:7207: checking if globals are prefixed by underscore
configure:7218: gcc -c -g -O2  conftest.c >&5
configure:7218: $? = 0
configure:7234: result: no
configure:7240: checking for ELF-style .type,%function pseudo-ops
configure:7257: gcc -g -O2  -c conftest.s >conftest.out 2>&1
configure:7260: $? = 0
configure:7273: result: yes
configure:7276: checking for ELF-style .type,#function pseudo-ops
configure:7293: gcc -g -O2  -c conftest.s >conftest.out 2>&1
configure:7296: $? = 1
conftest.s: Assembler messages:
conftest.s:4: Error: unrecognized symbol type ""
configure: failed program was:

.text
.globl foo
.type foo,#function
foo:
.Lend:

.size foo, .Lend - foo

configure:7309: result: no
configure:7324: checking for COFF-style .type directive
configure:7341: gcc -g -O2  -c conftest.s >conftest.out 2>&1
configure:7344: $? = 1
conftest.s: Assembler messages:
conftest.s:4: Error: unknown pseudo-op: `.def'
conftest.s:5: Error: unknown pseudo-op: `.scl'
conftest.s:6: Error: Missing symbol name in directive
conftest.s:6: Error: unrecognized symbol type "32"
conftest.s:7: Error: unknown pseudo-op: `.endef'
configure: failed program was:

.text
.globl _foo
.def _foo
.scl 2
.type 32
.endef
_foo:

configure:7357: result: no
configure:7363: checking if we should use a .note.GNU-stack section
configure:7375: gcc -g -O2  -c conftest.c >conftest.out 2>&1
configure:7378: $? = 0
configure:7390: result: yes
configure:7396: checking if .align assembly directive is logarithmic
configure:7407: gcc -g -O2  -c conftest.s >conftest.out 2>&1
configure:7410: $? = 1
conftest.s: Assembler messages:
conftest.s:2: Error: alignment not a power of 2
configure: failed program was:

.align 3

configure:7423: result: no
configure:7458: checking for m4
configure:7476: found /usr/bin/m4
configure:7489: result: /usr/bin/m4
configure:7530: checking for makeinfo
configure:7561: result: not-found
configure:7607: checking for BF_ecb_encrypt in -lcrypto
configure:7632: gcc -o conftest -g -O2   conftest.c -lcrypto   >&5
configure:7632: $? = 0
configure:7641: result: yes
configure:7667: checking for library containing clock_gettime
configure:7698: gcc -o conftest -g -O2   conftest.c  >&5
/tmp/ccUnVOQP.o: In function `main':
/home/bedel/work/websocket/server/.libs/nettle-3.3/conftest.c:49: undefined reference to `clock_gettime'
collect2: ld returned 1 exit status
configure:7698: $? = 1
configure: failed program was:
| /* confdefs.h */
| #define PACKAGE_NAME "nettle"
| #define PACKAGE_TARNAME "nettle"
| #define PACKAGE_VERSION "3.3"
| #define PACKAGE_STRING "nettle 3.3"
| #define PACKAGE_BUGREPORT "nettle-bugs@lists.lysator.liu.se"
| #define PACKAGE_URL ""
| #define HAVE_LINK_IFUNC 1
| #define STDC_HEADERS 1
| #define HAVE_SYS_TYPES_H 1
| #define HAVE_SYS_STAT_H 1
| #define HAVE_STDLIB_H 1
| #define HAVE_STRING_H 1
| #define HAVE_MEMORY_H 1
| #define HAVE_STRINGS_H 1
| #define HAVE_INTTYPES_H 1
| #define HAVE_STDINT_H 1
| #define HAVE_UNISTD_H 1
| #define TIME_WITH_SYS_TIME 1
| #define SIZEOF_LONG 4
| #define SIZEOF_SIZE_T 4
| #define HAVE_OPENSSL_BLOWFISH_H 1
| #define HAVE_OPENSSL_DES_H 1
| #define HAVE_OPENSSL_CAST_H 1
| #define HAVE_OPENSSL_AES_H 1
| #define HAVE_OPENSSL_ECDSA_H 1
| #define HAVE_DLFCN_H 1
| #define HAVE_LIBDL 1
| #define HAVE_ALLOCA_H 1
| #define HAVE_ALLOCA 1
| #define HAVE_MALLOC_H 1
| #define HAVE_STRERROR 1
| #define HAVE_GETLINE 1
| #define HAVE_GCC_ATTRIBUTE 1
| #define HAVE_FCNTL_LOCKING 1
| #define WITH_OPENSSL 1
| /* end confdefs.h.  */
| 
| /* Override any GCC internal prototype to avoid an error.
|    Use char because int might match the return type of a GCC
|    builtin and then its argument prototype would still apply.  */
| #ifdef __cplusplus
| extern "C"
| #endif
| char clock_gettime ();
| int
| main ()
| {
| return clock_gettime ();
|   ;
|   return 0;
| }
configure:7698: gcc -o conftest -g -O2   conftest.c -lrt   >&5
configure:7698: $? = 0
configure:7715: result: -lrt
configure:7876: creating ./config.status

## ---------------------- ##
## Running config.status. ##
## ---------------------- ##

This file was extended by nettle config.status 3.3, which was
generated by GNU Autoconf 2.68.  Invocation command line was

  CONFIG_FILES    = 
  CONFIG_HEADERS  = 
  CONFIG_LINKS    = 
  CONFIG_COMMANDS = 
  $ ./config.status 

on bedel

config.status:957: creating config.make
config.status:957: creating config.m4
config.status:957: creating Makefile
config.status:957: creating version.h
config.status:957: creating tools/Makefile
config.status:957: creating testsuite/Makefile
config.status:957: creating examples/Makefile
config.status:957: creating nettle.pc
config.status:957: creating hogweed.pc
config.status:957: creating libnettle.map
config.status:957: creating libhogweed.map
config.status:957: creating config.h
config.status:1138: config.h is unchanged
config.status:1164: linking x86/aes-encrypt-internal.asm to aes-encrypt-internal.asm
config.status:1164: linking x86/aes-decrypt-internal.asm to aes-decrypt-internal.asm
config.status:1164: linking x86/arcfour-crypt.asm to arcfour-crypt.asm
config.status:1164: linking x86/camellia-crypt-internal.asm to camellia-crypt-internal.asm
config.status:1164: linking x86/md5-compress.asm to md5-compress.asm
config.status:1164: linking x86/sha1-compress.asm to sha1-compress.asm
config.status:1164: linking x86/machine.m4 to machine.m4
config.status:1183: executing dummy-dep-files commands
config.status:1183: executing nettle-stdint.h commands
config.status:1196: creating nettle-stdint.h : __NETTLE_STDINT_H
config.status:1547: nettle-stdint.h is unchanged
configure:9546: summary of build options:

  Version:           nettle 3.3
  Host type:         i686-pc-linux-gnu
  ABI:               standard
  Assembly files:    x86
  Install prefix:    /usr/local
  Library directory: ${exec_prefix}/lib
  Compiler:          gcc
  Static libraries:  yes
  Shared libraries:  yes
  Public key crypto: no
  Using mini-gmp:    no
  Documentation:     no


## ---------------- ##
## Cache variables. ##
## ---------------- ##

ac_cv_build=i686-pc-linux-gnu
ac_cv_c_bigendian=no
ac_cv_c_compiler_gnu=yes
ac_cv_c_const=yes
ac_cv_c_inline=inline
ac_cv_cxx_compiler_gnu=no
ac_cv_env_CCC_set=
ac_cv_env_CCC_value=
ac_cv_env_CC_FOR_BUILD_set=
ac_cv_env_CC_FOR_BUILD_value=
ac_cv_env_CC_set=
ac_cv_env_CC_value=
ac_cv_env_CFLAGS_set=
ac_cv_env_CFLAGS_value=
ac_cv_env_CPPFLAGS_set=
ac_cv_env_CPPFLAGS_value=
ac_cv_env_CPP_set=
ac_cv_env_CPP_value=
ac_cv_env_CXXFLAGS_set=
ac_cv_env_CXXFLAGS_value=
ac_cv_env_CXX_set=
ac_cv_env_CXX_value=
ac_cv_env_LDFLAGS_set=
ac_cv_env_LDFLAGS_value=
ac_cv_env_LIBS_set=
ac_cv_env_LIBS_value=
ac_cv_env_build_alias_set=
ac_cv_env_build_alias_value=
ac_cv_env_host_alias_set=
ac_cv_env_host_alias_value=
ac_cv_env_target_alias_set=
ac_cv_env_target_alias_value=
ac_cv_func_alloca_works=yes
ac_cv_func_getline=yes
ac_cv_func_secure_getenv=no
ac_cv_func_strerror=yes
ac_cv_header_dlfcn_h=yes
ac_cv_header_inttypes_h=yes
ac_cv_header_malloc_h=yes
ac_cv_header_memory_h=yes
ac_cv_header_openssl_aes_h=yes
ac_cv_header_openssl_blowfish_h=yes
ac_cv_header_openssl_cast_h=yes
ac_cv_header_openssl_des_h=yes
ac_cv_header_openssl_ecdsa_h=yes
ac_cv_header_stdc=yes
ac_cv_header_stdint=stdint.h
ac_cv_header_stdint_h=yes
ac_cv_header_stdint_t=stdint.h
ac_cv_header_stdlib_h=yes
ac_cv_header_string_h=yes
ac_cv_header_strings_h=yes
ac_cv_header_sys_stat_h=yes
ac_cv_header_sys_types_h=yes
ac_cv_header_time=yes
ac_cv_header_unistd_h=yes
ac_cv_header_valgrind_memcheck_h=no
ac_cv_host=i686-pc-linux-gnu
ac_cv_lib_crypto_BF_ecb_encrypt=yes
ac_cv_lib_dl_dlopen=yes
ac_cv_lib_gmp___gmpz_powm_sec=no
ac_cv_objext=o
ac_cv_path_EGREP='/bin/grep -E'
ac_cv_path_GREP=/bin/grep
ac_cv_path_M4=/usr/bin/m4
ac_cv_path_MAKEINFO=not-found
ac_cv_path_install='/usr/bin/install -c'
ac_cv_path_mkdir=/bin/mkdir
ac_cv_prog_CPP='gcc -E'
ac_cv_prog_ac_ct_AR=ar
ac_cv_prog_ac_ct_CC=gcc
ac_cv_prog_ac_ct_NM=nm
ac_cv_prog_ac_ct_OBJDUMP=objdump
ac_cv_prog_ac_ct_RANLIB=ranlib
ac_cv_prog_cc_c89=
ac_cv_prog_cc_g=yes
ac_cv_prog_cxx_g=no
ac_cv_prog_make_make_set=yes
ac_cv_search_clock_gettime=-lrt
ac_cv_sizeof_long=4
ac_cv_sizeof_size_t=4
ac_cv_stdint_message='using gnu compiler gcc (Ubuntu/Linaro 4.6.3-1ubuntu5) 4.6.3'
ac_cv_stdint_result='(assuming C99 compatible system)'
ac_cv_type_size_t=yes
ac_cv_type_uid_t=yes
ac_cv_working_alloca_h=yes
gmp_cv_prog_exeext_for_build=
lsh_cv_c_attribute=yes
lsh_cv_sys_ccpic=-fpic
nettle_cv_asm_align_log=no
nettle_cv_asm_coff_type=no
nettle_cv_asm_gnu_stack=yes
nettle_cv_asm_type_hash_function=no
nettle_cv_asm_type_percent_function=yes
nettle_cv_asm_underscore=no
nettle_cv_fcntl_locking=yes
nettle_cv_gmp_numb_bits=0
nettle_cv_link_ifunc=yes

## ----------------- ##
## Output variables. ##
## ----------------- ##

ALLOCA=''
AR='ar'
ASM_ALIGN_LOG='no'
ASM_COFF_STYLE='no'
ASM_ELF_STYLE='yes'
ASM_MARK_NOEXEC_STACK='.section .note.GNU-stack,"",TYPE_PROGBITS'
ASM_RODATA='.section .rodata'
ASM_SYMBOL_PREFIX=''
ASM_TYPE_FUNCTION='%function'
ASM_TYPE_PROGBITS='%progbits'
BENCH_LIBS='-lrt '
CC='gcc'
CCPIC='-fpic'
CC_FOR_BUILD='gcc -O'
CFLAGS='-g -O2 -ggdb3 -Wno-pointer-sign -Wall -W   -Wmissing-prototypes -Wmissing-declarations -Wstrict-prototypes   -Wpointer-arith -Wbad-function-cast -Wnested-externs'
CPP='gcc -E'
CPPFLAGS=''
CXX='g++'
CXXFLAGS=''
DEFS='-DHAVE_CONFIG_H'
DEP_FLAGS='-MT $@ -MD -MP -MF $@.d'
DEP_INCLUDE='include '
DEP_PROCESS='true'
ECHO_C=''
ECHO_N='-n'
ECHO_T=''
EGREP='/bin/grep -E'
EMULATOR=''
EXEEXT=''
EXEEXT_FOR_BUILD=''
EXTRA_HOGWEED_LINKER_FLAGS='-Wl,--version-script=libhogweed.map'
EXTRA_LINKER_FLAGS='-Wl,--version-script=libnettle.map'
GMP_NUMB_BITS='0'
GREP='/bin/grep'
HOGWEED_EXTRA_SYMBOLS=''
IF_ASM=''
IF_CXX='#'
IF_DLL='#'
IF_DLOPEN_TEST=''
IF_DOCUMENTATION='#'
IF_HOGWEED='#'
IF_MINI_GMP='#'
IF_NOT_SHARED='#'
IF_SHARED=''
IF_STATIC=''
INSTALL_DATA='${INSTALL} -m 644'
INSTALL_PROGRAM='${INSTALL}'
INSTALL_SCRIPT='${INSTALL}'
LDFLAGS=''
LIBHOGWEED_FILE='$(LIBHOGWEED_SONAME).$(LIBHOGWEED_MINOR)'
LIBHOGWEED_FILE_SRC='$(LIBHOGWEED_FORLINK)'
LIBHOGWEED_FORLINK='libhogweed.so'
LIBHOGWEED_LIBS='libnettle.so $(LIBS)'
LIBHOGWEED_LINK='$(CC) $(CFLAGS) $(LDFLAGS) -shared -Wl,-soname=$(LIBHOGWEED_SONAME)'
LIBHOGWEED_MAJOR='4'
LIBHOGWEED_MINOR='3'
LIBHOGWEED_SONAME='$(LIBHOGWEED_FORLINK).$(LIBHOGWEED_MAJOR)'
LIBNETTLE_FILE='$(LIBNETTLE_SONAME).$(LIBNETTLE_MINOR)'
LIBNETTLE_FILE_SRC='$(LIBNETTLE_FORLINK)'
LIBNETTLE_FORLINK='libnettle.so'
LIBNETTLE_LIBS=''
LIBNETTLE_LINK='$(CC) $(CFLAGS) $(LDFLAGS) -shared -Wl,-soname=$(LIBNETTLE_SONAME)'
LIBNETTLE_MAJOR='6'
LIBNETTLE_MINOR='3'
LIBNETTLE_SONAME='$(LIBNETTLE_FORLINK).$(LIBNETTLE_MAJOR)'
LIBOBJS=''
LIBS=''
LN_S='ln -s'
LTLIBOBJS=''
M4='/usr/bin/m4'
MAJOR_VERSION='3'
MAKEINFO='not-found'
MINOR_VERSION='3'
MKDIR_P='/bin/mkdir -p'
NETTLE_USE_MINI_GMP='0'
NM='nm'
OBJDUMP='objdump'
OBJEXT='o'
OPENSSL_LIBFLAGS='-lcrypto'
OPT_HOGWEED_OBJS=''
OPT_NETTLE_OBJS=''
OPT_NETTLE_SOURCES=''
PACKAGE_BUGREPORT='nettle-bugs@lists.lysator.liu.se'
PACKAGE_NAME='nettle'
PACKAGE_STRING='nettle 3.3'
PACKAGE_TARNAME='nettle'
PACKAGE_URL=''
PACKAGE_VERSION='3.3'
PATH_SEPARATOR=':'
RANLIB='ranlib'
SET_MAKE=''
SHELL='/bin/bash'
W64_ABI='no'
ac_ct_CC='gcc'
ac_ct_CXX=''
bindir='${exec_prefix}/bin'
build='i686-pc-linux-gnu'
build_alias=''
build_cpu='i686'
build_os='linux-gnu'
build_vendor='pc'
datadir='${datarootdir}'
datarootdir='${prefix}/share'
docdir='${datarootdir}/doc/${PACKAGE_TARNAME}'
dvidir='${docdir}'
exec_prefix='${prefix}'
host='i686-pc-linux-gnu'
host_alias=''
host_cpu='i686'
host_os='linux-gnu'
host_vendor='pc'
htmldir='${docdir}'
includedir='${prefix}/include'
infodir='${datarootdir}/info'
libdir='${exec_prefix}/lib'
libexecdir='${exec_prefix}/libexec'
localedir='${datarootdir}/locale'
localstatedir='${prefix}/var'
mandir='${datarootdir}/man'
oldincludedir='/usr/include'
pdfdir='${docdir}'
prefix='/usr/local'
program_transform_name='s,x,x,'
psdir='${docdir}'
sbindir='${exec_prefix}/sbin'
sharedstatedir='${prefix}/com'
sysconfdir='${prefix}/etc'
target_alias=''

## ----------- ##
## confdefs.h. ##
## ----------- ##

/* confdefs.h */
#define PACKAGE_NAME "nettle"
#define PACKAGE_TARNAME "nettle"
#define PACKAGE_VERSION "3.3"
#define PACKAGE_STRING "nettle 3.3"
#define PACKAGE_BUGREPORT "nettle-bugs@lists.lysator.liu.se"
#define PACKAGE_URL ""
#define HAVE_LINK_IFUNC 1
#define STDC_HEADERS 1
#define HAVE_SYS_TYPES_H 1
#define HAVE_SYS_STAT_H 1
#define HAVE_STDLIB_H 1
#define HAVE_STRING_H 1
#define HAVE_MEMORY_H 1
#define HAVE_STRINGS_H 1
#define HAVE_INTTYPES_H 1
#define HAVE_STDINT_H 1
#define HAVE_UNISTD_H 1
#define TIME_WITH_SYS_TIME 1
#define SIZEOF_LONG 4
#define SIZEOF_SIZE_T 4
#define HAVE_OPENSSL_BLOWFISH_H 1
#define HAVE_OPENSSL_DES_H 1
#define HAVE_OPENSSL_CAST_H 1
#define HAVE_OPENSSL_AES_H 1
#define HAVE_OPENSSL_ECDSA_H 1
#define HAVE_DLFCN_H 1
#define HAVE_LIBDL 1
#define HAVE_ALLOCA_H 1
#define HAVE_ALLOCA 1
#define HAVE_MALLOC_H 1
#define HAVE_STRERROR 1
#define HAVE_GETLINE 1
#define HAVE_GCC_ATTRIBUTE 1
#define HAVE_FCNTL_LOCKING 1
#define WITH_OPENSSL 1
#define HAVE_CLOCK_GETTIME 1

configure: exit 0

## ---------------------- ##
## Running config.status. ##
## ---------------------- ##

This file was extended by nettle config.status 3.3, which was
generated by GNU Autoconf 2.68.  Invocation command line was

  CONFIG_FILES    = 
  CONFIG_HEADERS  = 
  CONFIG_LINKS    = 
  CONFIG_COMMANDS = 
  $ ./config.status config.h

on bedel

config.status:957: creating config.h
config.status:1138: config.h is unchanged
